20/1/2020 | 19/28/7 | Admin Pero je poceo spec nad igracom Miladin_Miladinovic
20/1/2020 | 19/28/10 | Admin Pero je poceo spec nad igracom Miladin_Miladinovic
24/1/2020 | 19/1/29 | Admin Pero je poceo spec nad igracom Zeljko_Milosevic
24/1/2020 | 19/41/41 | Admin Clark_Rodney je poceo spec nad igracom Zeljko_Milosevic
25/1/2020 | 11/54/46 | Admin Pero je poceo spec nad igracom Srdjan_Gotovac
25/1/2020 | 11/54/51 | Admin Pero je poceo spec nad igracom Srdjan_Gotovac
25/1/2020 | 11/55/24 | Admin Pero je poceo spec nad igracom Srdjan_Gotovac
25/1/2020 | 12/50/18 | Admin Pero je poceo spec nad igracom Filip_Djelic
27/1/2020 | 15/4/50 | Admin Pero je poceo spec nad igracom Cika_Kure
27/1/2020 | 15/4/55 | Admin Pero je poceo spec nad igracom Cika_Kure
27/1/2020 | 15/23/40 | Admin Pero je poceo spec nad igracom Srdjan_Gotovac
27/1/2020 | 15/25/54 | Admin Miladin_Miladinovic je poceo spec nad igracom Srdjan_Gotovac
27/1/2020 | 15/26/43 | Admin Pero je poceo spec nad igracom Srdjan_Gotovac
27/1/2020 | 15/28/41 | Admin Pero je poceo spec nad igracom Srdjan_Gotovac
27/1/2020 | 15/29/19 | Admin Miladin_Miladinovic je poceo spec nad igracom Igor_Nistelberger
27/1/2020 | 15/30/20 | Admin Miladin_Miladinovic je poceo spec nad igracom Cika_Kure
27/1/2020 | 15/34/34 | Admin Miladin_Miladinovic je poceo spec nad igracom Njegos_Ristic
27/1/2020 | 15/41/34 | Admin Pero je poceo spec nad igracom Miladin_Miladinovic
27/1/2020 | 15/41/41 | Admin Pero je poceo spec nad igracom Miladin_Miladinovic
27/1/2020 | 15/42/8 | Admin Miladin_Miladinovic je poceo spec nad igracom Cika_Kure
27/1/2020 | 15/44/43 | Admin Miladin_Miladinovic je poceo spec nad igracom Njegos_Ristic
27/1/2020 | 15/50/31 | Admin Miladin_Miladinovic je poceo spec nad igracom Black_Boss
27/1/2020 | 15/57/3 | Admin Miladin_Miladinovic je poceo spec nad igracom Will_Rogers
27/1/2020 | 16/0/48 | Admin Miladin_Miladinovic je poceo spec nad igracom Black_Boss
27/1/2020 | 16/3/29 | Admin Pero je poceo spec nad igracom Black_Boss
27/1/2020 | 16/19/50 | Admin Pero je poceo spec nad igracom Srdjan_Gotovac
27/1/2020 | 16/20/27 | Admin Pero je poceo spec nad igracom Srdjan_Gotovac
27/1/2020 | 16/21/11 | Admin Pero je poceo spec nad igracom Miladin_Miladinovic
27/1/2020 | 16/23/16 | Admin Pero je poceo spec nad igracom Srdjan_Gotovac
28/1/2020 | 19/8/10 | Admin Pero je poceo spec nad igracom Cika_Kure
28/1/2020 | 19/18/59 | Admin Pero je poceo spec nad igracom Cika_Kure
28/1/2020 | 19/20/6 | Admin Pero je poceo spec nad igracom Zeljko_Milosevic
28/1/2020 | 19/24/11 | Admin Pero je poceo spec nad igracom Cika_Kure
28/1/2020 | 19/57/5 | Admin Pero je poceo spec nad igracom Cika_Kure
28/1/2020 | 20/9/25 | Admin Pero je poceo spec nad igracom Igor_Nistelberger
30/1/2020 | 21/2/36 | Admin Pero je poceo spec nad igracom Amir_Kaka
30/1/2020 | 21/2/43 | Admin Pero je poceo spec nad igracom Amir_Kaka
30/1/2020 | 21/14/26 | Admin Pero je poceo spec nad igracom Cika_Kure
1/2/2020 | 23/29/26 | Admin Miladin_Miladinovic je poceo spec nad igracom Cika_Kure
3/2/2020 | 21/42/10 | Admin Miladin_Miladinovic je poceo spec nad igracom Zeljko_Milosevic
5/2/2020 | 20/50/56 | Admin Pero je poceo spec nad igracom Jovica_Erkic
8/2/2020 | 19/19/5 | Admin Clark_Rodney je poceo spec nad igracom Black_Boss
