13/4/2019 | 18/52/39 | Admin Vasic je postavio level 34 igracu Vasic.
13/4/2019 | 18/53/52 | Admin Vasic je skinuo kljuc firme igracu Vasic.
14/4/2019 | 18/1/8 | Admin Vasic je postavio level 19 igracu Vasic.
14/4/2019 | 18/1/29 | Admin Vasic je postavio level 21 igracu Vasic.
14/4/2019 | 18/1/40 | Admin Vasic je postavio level 20 igracu Vasic.
10/1/2020 | 22/9/44 | 
11/1/2020 | 8/52/32 | Admin Pero je postavio broj telefona 100 igracu Pero.
20/1/2020 | 19/15/53 | Admin Pero je postavio level 15 igracu Miladin_Miladinovic.
20/1/2020 | 20/56/56 | Admin Pero je postavio level 30 igracu FuDji.
24/1/2020 | 18/57/39 | Admin Pero je postavio level 15 igracu Zeljko_Milosevic.
27/1/2020 | 16/8/53 | Admin Pero je postavio level 10 igracu Black_Boss.
28/1/2020 | 19/32/14 | Admin Pero je postavio kljuc imovine1 na 67 igracu Pero.
28/1/2020 | 20/9/22 | Admin Pero je postavio level 15 igracu Igor_Nistelberger.
29/1/2020 | 20/30/55 | Admin Pero je postavio level 3 igracu Cika_Kure.
29/1/2020 | 20/31/33 | Admin Pero je postavio level 4 igracu Cika_Kure.
29/1/2020 | 20/56/56 | Admin Pero je postavio level 5 igracu Cika_Kure.
29/1/2020 | 21/16/37 | Admin Pero je postavio kljuc firme na 2 igracu Pero.
29/1/2020 | 21/17/59 | Admin Pero je postavio kljuc firme na 2 igracu Cika_Kure.
29/1/2020 | 21/27/28 | Admin Pero je postavio kljuc firme na 1 igracu Pero.
30/1/2020 | 21/11/9 | Admin Pero je postavio kljuc firme na 7 igracu Amir_Kaka.
30/1/2020 | 21/16/34 | Admin Pero je postavio level 4 igracu Amir_Kaka.
2/2/2020 | 17/57/57 | Admin Pero je postavio level 30 igracu Foxy.
5/2/2020 | 20/52/18 | Admin Pero je postavio level 5 igracu Jovica_Erkic.
18/2/2020 | 20/50/37 | Admin Pero je postavio kljuc imovine2 na 43 igracu Pero.
5/3/2020 | 21/11/6 | Admin Pero je postavio kljuc imovine1 na 44 igracu Pero.
16/3/2020 | 17/26/30 | Admin Pero je skinuo kljuc imovine1 igracu Pero.
16/3/2020 | 17/26/36 | Admin Pero je skinuo kljuc imovine2 igracu Pero.
16/3/2020 | 17/26/39 | Admin Pero je skinuo kljuc imovine3 igracu Pero.
16/3/2020 | 18/2/50 | 
16/3/2020 | 18/3/0 | Admin Pero je postavio respekte na 100000 igracu Pero.
20/12/2020 | 13/36/32 | Admin bugarin je postavio zlato na 999 igracu bugarin.
20/12/2020 | 13/36/51 | Admin bugarin je postavio level 999 igracu bugarin.
27/4/2021 | 13/13/31 | Admin bugarin je skinuo kljuc firme igracu bugarin.
27/4/2021 | 13/48/58 | Admin bugarin je skinuo kljuc firme igracu bugarin.
12/5/2021 | 14/17/9 | Admin bugarin je postavio godine na 20 igracu bugarin.
12/9/2021 | 0/34/13 | Admin bugarin je skinuo kljuc firme igracu bugarin.
