20/1/2020 | 19/21/25 | Admin Pero -> Igrac: Miladin_Miladinovic | Tekst: mogu get?
20/1/2020 | 20/39/0 | Admin Miladin_Miladinovic -> Igrac: FuDji | Tekst: xaxa
25/1/2020 | 13/6/46 | Admin Pero -> Igrac: Srdjan_Gotovac | Tekst: done
27/1/2020 | 15/12/56 | Admin FuDji -> Igrac: Cika_Kure | Tekst: ne znam, probaj nac
27/1/2020 | 16/13/30 | Admin Pero -> Igrac: Will_Rogers | Tekst: eto ti streljana da treniras fs
28/1/2020 | 19/25/2 | Admin Pero -> Igrac: Cika_Kure | Tekst: probaj se portat da vidis jel radi
29/1/2020 | 20/47/2 | Admin Pero -> Igrac: Cika_Kure | Tekst: da vidim jel oke sve
29/1/2020 | 20/47/7 | Admin Pero -> Igrac: Cika_Kure | Tekst: vratit cu ti
2/2/2020 | 0/21/8 | Admin Miladin_Miladinovic -> Igrac: Cika_Kure | Tekst: aa
2/2/2020 | 0/21/9 | Admin Miladin_Miladinovic -> Igrac: Cika_Kure | Tekst: aa
2/2/2020 | 0/21/10 | Admin Miladin_Miladinovic -> Igrac: Cika_Kure | Tekst: aa
2/2/2020 | 0/21/11 | Admin Miladin_Miladinovic -> Igrac: Cika_Kure | Tekst: aa
2/2/2020 | 0/21/11 | Admin Miladin_Miladinovic -> Igrac: Cika_Kure | Tekst: aa
2/2/2020 | 0/21/12 | Admin Miladin_Miladinovic -> Igrac: Cika_Kure | Tekst: aa
2/2/2020 | 0/24/18 | Admin Miladin_Miladinovic -> Igrac: Cika_Kure | Tekst: si ziv ti?
2/2/2020 | 0/24/18 | Admin Miladin_Miladinovic -> Igrac: Cika_Kure | Tekst: si ziv ti?
2/2/2020 | 0/24/19 | Admin Miladin_Miladinovic -> Igrac: Cika_Kure | Tekst: si ziv ti?
2/2/2020 | 0/24/20 | Admin Miladin_Miladinovic -> Igrac: Cika_Kure | Tekst: si ziv ti?
2/2/2020 | 17/52/35 | Admin Pero -> Igrac: Foxy_Kresimir | Tekst: n
2/2/2020 | 17/52/40 | Admin Pero -> Igrac: Foxy_Kresimir | Tekst: /n
8/2/2020 | 19/19/42 | Admin Clark_Rodney -> Igrac: Black_Boss | Tekst: odake ti 277499#
8/2/2020 | 19/19/46 | Admin Clark_Rodney -> Igrac: Black_Boss | Tekst: odake ti 277499$
