13/4/2019 | 18/52/10 | Admin Vasic je dao 2422$ igracu Vasic.
13/4/2019 | 18/52/11 | Admin Vasic je dao 242224$ igracu Vasic.
13/4/2019 | 18/52/20 | Admin Vasic je dao 2422242$ igracu Vasic.
10/1/2020 | 21/44/30 | Admin Pero je dao 1000000$ igracu Pero.
10/1/2020 | 21/52/47 | Admin Pero je dao 1000000$ igracu Pero.
10/1/2020 | 21/52/49 | Admin Pero je dao 1000000$ igracu Pero.
10/1/2020 | 21/52/49 | Admin Pero je dao 1000000$ igracu Pero.
10/1/2020 | 21/52/50 | Admin Pero je dao 1000000$ igracu Pero.
10/1/2020 | 21/52/50 | Admin Pero je dao 1000000$ igracu Pero.
20/1/2020 | 19/16/0 | Admin Pero je dao 10000000$ igracu Miladin_Miladinovic.
20/1/2020 | 20/24/28 | Admin Pero je dao 1215752192$ igracu FuDji.
20/1/2020 | 20/24/32 | Admin Pero je dao 10000000$ igracu FuDji.
20/1/2020 | 20/24/35 | Admin Pero je dao 10000000$ igracu FuDji.
20/1/2020 | 20/24/35 | Admin Pero je dao 10000000$ igracu FuDji.
20/1/2020 | 20/24/35 | Admin Pero je dao 10000000$ igracu FuDji.
20/1/2020 | 20/24/36 | Admin Pero je dao 10000000$ igracu FuDji.
24/1/2020 | 18/53/52 | Admin Pero je dao 10000000$ igracu Zeljko_Milosevic.
24/1/2020 | 18/53/56 | Admin Pero je dao 10000000$ igracu Zeljko_Milosevic.
24/1/2020 | 18/53/57 | Admin Pero je dao 10000000$ igracu Zeljko_Milosevic.
24/1/2020 | 19/6/7 | Admin Pero je dao 100000$ igracu Clark_Rodney.
24/1/2020 | 19/6/8 | Admin Pero je dao 100000$ igracu Clark_Rodney.
24/1/2020 | 19/6/8 | Admin Pero je dao 100000$ igracu Clark_Rodney.
24/1/2020 | 19/6/8 | Admin Pero je dao 100000$ igracu Clark_Rodney.
25/1/2020 | 11/50/39 | Admin Pero je dao 1000000$ igracu Srdjan_Gotovac.
25/1/2020 | 12/56/51 | Admin Pero je dao 1000000$ igracu Filip_Djelic.
25/1/2020 | 12/56/52 | Admin Pero je dao 1000000$ igracu Filip_Djelic.
25/1/2020 | 12/56/53 | Admin Pero je dao 1000000$ igracu Filip_Djelic.
25/1/2020 | 12/56/53 | Admin Pero je dao 1000000$ igracu Filip_Djelic.
25/1/2020 | 12/56/54 | Admin Pero je dao 1000000$ igracu Filip_Djelic.
25/1/2020 | 13/35/17 | Admin Pero je dao 100000$ igracu Srdjan_Gotovac.
25/1/2020 | 13/35/18 | Admin Pero je dao 100000$ igracu Srdjan_Gotovac.
25/1/2020 | 13/35/18 | Admin Pero je dao 100000$ igracu Srdjan_Gotovac.
25/1/2020 | 13/35/19 | Admin Pero je dao 100000$ igracu Srdjan_Gotovac.
27/1/2020 | 15/38/28 | Admin Pero je dao 1000000$ igracu Njegos_Ristic.
27/1/2020 | 15/38/28 | Admin Pero je dao 1000000$ igracu Njegos_Ristic.
27/1/2020 | 15/38/28 | Admin Pero je dao 1000000$ igracu Njegos_Ristic.
27/1/2020 | 15/38/29 | Admin Pero je dao 1000000$ igracu Njegos_Ristic.
27/1/2020 | 16/9/14 | Admin Pero je dao 1000000$ igracu Black_Boss.
27/1/2020 | 16/9/19 | Admin Pero je dao 1000000$ igracu Black_Boss.
27/1/2020 | 16/9/21 | Admin Pero je dao 1000000$ igracu Black_Boss.
28/1/2020 | 19/45/2 | Admin Pero je dao 1000000$ igracu Cika_Kure.
28/1/2020 | 19/45/3 | Admin Pero je dao 1000000$ igracu Cika_Kure.
28/1/2020 | 19/45/3 | Admin Pero je dao 1000000$ igracu Cika_Kure.
28/1/2020 | 19/45/4 | Admin Pero je dao 1000000$ igracu Cika_Kure.
28/1/2020 | 19/45/4 | Admin Pero je dao 1000000$ igracu Cika_Kure.
28/1/2020 | 19/45/4 | Admin Pero je dao 1000000$ igracu Cika_Kure.
5/2/2020 | 20/52/48 | Admin Pero je dao 1000000$ igracu Jovica_Erkic.
5/2/2020 | 20/52/49 | Admin Pero je dao 1000000$ igracu Jovica_Erkic.
5/2/2020 | 20/52/50 | Admin Pero je dao 1000000$ igracu Jovica_Erkic.
5/2/2020 | 20/52/50 | Admin Pero je dao 1000000$ igracu Jovica_Erkic.
5/2/2020 | 20/52/51 | Admin Pero je dao 1000000$ igracu Jovica_Erkic.
23/5/2020 | 11/10/11 | Admin Pero je dao 10000$ igracu Pero.
31/5/2020 | 16/4/57 | Admin Pero je dao 1$ igracu Pero.
27/4/2021 | 13/14/6 | Admin bugarin je dao 10000000$ igracu bugarin.
27/4/2021 | 13/14/16 | Admin bugarin je dao 10000000$ igracu bugarin.
27/4/2021 | 13/14/17 | Admin bugarin je dao 10000000$ igracu bugarin.
